16:50:33 INFO  : updated workspace path: /home/nana/Desktop/COMP4601/tiny_sha3
16:50:33 INFO  : bash, -c, source /home/nana/tools/Xilinx_2024.2/Vitis/2024.2/tps/lnx64/lopper-1.1.0/env/bin/activate && python /home/nana/tools/Xilinx_2024.2/Vitis/2024.2/data/embeddedsw/scripts/pyesw//repo.py -st   /home/nana/tools/Xilinx_2024.2/Vitis/2024.2/data/embeddedsw && deactivate
16:50:34 INFO  : Successfully created repository data at /home/nana/Desktop/COMP4601/tiny_sha3/_ide/.wsdata
16:50:34 INFO  : bash, -c, source /home/nana/tools/Xilinx_2024.2/Vitis/2024.2/tps/lnx64/lopper-1.1.0/env/bin/activate && python /home/nana/tools/Xilinx_2024.2/Vitis/2024.2/data/embeddedsw/scripts/pyesw//get_template_data.py -d /tmp/rigel_lopper_nana16606073125758558998 -r /home/nana/Desktop/COMP4601/tiny_sha3/_ide/.wsdata/.repo.yaml && deactivate
16:50:34 INFO  : Embedded Template List generated successfully
17:10:54 INFO  : bash, -c, source /home/nana/tools/Xilinx_2024.2/Vitis/2024.2/tps/lnx64/lopper-1.1.0/env/bin/activate && python /home/nana/tools/Xilinx_2024.2/Vitis/2024.2/data/embeddedsw/scripts/pyesw//get_template_data.py -d /tmp/rigel_lopper_nana2520431506886021154 -r /home/nana/Desktop/COMP4601/tiny_sha3/_ide/.wsdata/.repo.yaml && deactivate
17:10:55 INFO  : Embedded Template List generated successfully
17:11:13 INFO  : Marking the target connection as default Local
17:11:13 INFO  : Marking the target connection as default Linux Agent
17:11:13 INFO  : Marking the target connection as default XRTServer
17:11:13 INFO  : Marking the target connection as default LinuxEmulation
17:11:13 INFO  : Marking the target connection as default QEMU
17:11:15 INFO  : created .gitignore file for the project /home/nana/Desktop
17:11:50 INFO  : updated workspace path: /home/nana/Desktop/COMP4601/tiny_sha3
17:11:51 INFO  : Embedded Template List generated successfully
17:11:51 INFO  : bash, -c, source /home/nana/tools/Xilinx_2024.2/Vitis/2024.2/tps/lnx64/lopper-1.1.0/env/bin/activate && python /home/nana/tools/Xilinx_2024.2/Vitis/2024.2/data/embeddedsw/scripts/pyesw//get_template_data.py -d /tmp/rigel_lopper_nana15659606838139352714 -r /home/nana/Desktop/COMP4601/tiny_sha3/_ide/.wsdata/.repo.yaml && deactivate
17:11:51 INFO  : Embedded Template List generated successfully
17:13:56 INFO  : created .gitignore file for the project /home/nana/Desktop/COMP4601/tiny_sha3/hls_component
02:12:42 INFO  : updated workspace path: /home/nana/Desktop/COMP4601/tiny_sha3
02:12:42 INFO  : created .gitignore file for the project /home/nana/Desktop/COMP4601/tiny_sha3
02:12:43 INFO  : Successfully created repository data at /tmp/rigel_lopper_nana15466656088920857659
02:12:43 INFO  : bash, -c, source /tools/Xilinx/Vitis/2024.2/tps/lnx64/lopper-1.1.0/env/bin/activate && python /tools/Xilinx/Vitis/2024.2/data/embeddedsw/scripts/pyesw//get_template_data.py -d /tmp/rigel_lopper_nana3202253302649550860 -r /tmp/rigel_lopper_nana15466656088920857659/.repo.yaml && deactivate
02:12:43 INFO  : Embedded Template List generated successfully
02:12:43 INFO  : bash, -c, source /tools/Xilinx/Vitis/2024.2/tps/lnx64/lopper-1.1.0/env/bin/activate && python /tools/Xilinx/Vitis/2024.2/data/embeddedsw/scripts/pyesw//repo.py -st   /tools/Xilinx/Vitis/2024.2/data/embeddedsw && deactivate
02:12:44 INFO  : Successfully created repository data at /home/nana/Desktop/COMP4601/tiny_sha3/_ide/.wsdata
02:12:44 INFO  : bash, -c, source /tools/Xilinx/Vitis/2024.2/tps/lnx64/lopper-1.1.0/env/bin/activate && python /tools/Xilinx/Vitis/2024.2/data/embeddedsw/scripts/pyesw//get_template_data.py -d /tmp/rigel_lopper_nana17313993364350693603 -r /home/nana/Desktop/COMP4601/tiny_sha3/_ide/.wsdata/.repo.yaml && deactivate
02:12:44 INFO  : Embedded Template List generated successfully
15:44:36 INFO  : Terminating Vitis C++ Server
15:44:36 INFO  : Vitis C++ Server terminated
15:45:05 INFO  : updated workspace path: /home/nana/Desktop/COMP4601/tiny_sha3
15:45:05 INFO  : created .gitignore file for the project /home/nana/Desktop/COMP4601/tiny_sha3
15:45:06 INFO  : Successfully created repository data at /tmp/rigel_lopper_nana768686299987349616
15:45:06 INFO  : bash, -c, source /tools/Xilinx/Vitis/2024.2/tps/lnx64/lopper-1.1.0/env/bin/activate && python /tools/Xilinx/Vitis/2024.2/data/embeddedsw/scripts/pyesw//get_template_data.py -d /tmp/rigel_lopper_nana13635163665776058878 -r /tmp/rigel_lopper_nana768686299987349616/.repo.yaml && deactivate
15:45:06 INFO  : Embedded Template List generated successfully
15:45:06 INFO  : bash, -c, source /tools/Xilinx/Vitis/2024.2/tps/lnx64/lopper-1.1.0/env/bin/activate && python /tools/Xilinx/Vitis/2024.2/data/embeddedsw/scripts/pyesw//get_template_data.py -d /tmp/rigel_lopper_nana17919150191981142987 -r /home/nana/Desktop/COMP4601/tiny_sha3/_ide/.wsdata/.repo.yaml && deactivate
15:45:06 INFO  : Embedded Template List generated successfully
